<?xml version="1.0" encoding="UTF-8"?>
<testsuite xmlns:xsi="http://www.w3.org/2001/XMLSchema-instance" xsi:noNamespaceSchemaLocation="https://maven.apache.org/surefire/maven-surefire-plugin/xsd/surefire-test-report-3.0.xsd" version="3.0" name="com.fanyamin.SmartFormInstructorStreamingTest" time="0.266" tests="3" errors="0" skipped="0" failures="0">
  <properties>
[...]
</properties>
  <testcase name="streamingEmitsRawChunksAndFinalResult_success" classname="com.fanyamin.SmartFormInstructorStreamingTest" time="0.245"/>
  <testcase name="streamingFinalResultContainsSchemaErrors_whenInvalid" classname="com.fanyamin.SmartFormInstructorStreamingTest" time="0.009"/>
  <testcase name="streamingRetriesAndSucceeds_onSecondAttempt" classname="com.fanyamin.SmartFormInstructorStreamingTest" time="0.004"/>
</testsuite>